D, [2015-01-02T23:24:18.403895 #14609] DEBUG -- : (0.000235s) SET standard_conforming_strings = ON
D, [2015-01-02T23:24:18.412450 #14609] DEBUG -- : (0.008334s) SET client_min_messages = 'WARNING'
D, [2015-01-02T23:24:18.413202 #14609] DEBUG -- : (0.000636s) SET DateStyle = 'ISO'
D, [2015-01-02T23:24:18.483287 #14609] DEBUG -- : (0.069975s) DROP TABLE IF EXISTS "join_left"
D, [2015-01-02T23:24:18.511572 #14609] DEBUG -- : (0.027827s) CREATE TABLE "join_left" ("id" serial PRIMARY KEY, "name" text, "created_at" timestamp)
D, [2015-01-02T23:24:18.525648 #14609] DEBUG -- : (0.013866s) DROP TABLE IF EXISTS "join_right"
D, [2015-01-02T23:24:18.539789 #14609] DEBUG -- : (0.013799s) CREATE TABLE "join_right" ("id" serial PRIMARY KEY, "name" text, "created_at" timestamp)
D, [2015-01-02T23:24:18.543632 #14609] DEBUG -- : (0.003456s) SELECT pg_attribute.attname AS pk FROM pg_class, pg_attribute, pg_index, pg_namespace WHERE pg_class.oid = pg_attribute.attrelid AND pg_class.relnamespace = pg_namespace.oid AND pg_class.oid = pg_index.indrelid AND pg_index.indkey[0] = pg_attribute.attnum AND pg_index.indisprimary = 't' AND pg_class.oid = CAST(CAST('"join_left"' AS regclass) AS oid)
D, [2015-01-02T23:24:18.546225 #14609] DEBUG -- : (0.002217s) INSERT INTO "join_left" ("name", "created_at") VALUES ('aaa', '12/24/2014') RETURNING "id"
D, [2015-01-02T23:24:18.550107 #14609] DEBUG -- : (0.003578s) INSERT INTO "join_left" ("name", "created_at") VALUES ('bbb', '12/25/2014') RETURNING "id"
D, [2015-01-02T23:24:18.554745 #14609] DEBUG -- : (0.004357s) INSERT INTO "join_left" ("name", "created_at") VALUES ('ccc', '12/26/2014') RETURNING "id"
D, [2015-01-02T23:24:18.555669 #14609] DEBUG -- : (0.000659s) SELECT pg_attribute.attname AS pk FROM pg_class, pg_attribute, pg_index, pg_namespace WHERE pg_class.oid = pg_attribute.attrelid AND pg_class.relnamespace = pg_namespace.oid AND pg_class.oid = pg_index.indrelid AND pg_index.indkey[0] = pg_attribute.attnum AND pg_index.indisprimary = 't' AND pg_class.oid = CAST(CAST('"join_right"' AS regclass) AS oid)
D, [2015-01-02T23:24:18.557653 #14609] DEBUG -- : (0.001802s) INSERT INTO "join_right" ("name", "created_at") VALUES ('ddd', '12/24/2014') RETURNING "id"
D, [2015-01-02T23:24:18.561769 #14609] DEBUG -- : (0.003876s) INSERT INTO "join_right" ("name", "created_at") VALUES ('eee', '12/27/2014') RETURNING "id"
D, [2015-01-02T23:24:18.600487 #14609] DEBUG -- : (0.002114s) SET standard_conforming_strings = ON
D, [2015-01-02T23:24:18.608296 #14609] DEBUG -- : (0.006245s) SET client_min_messages = 'WARNING'
D, [2015-01-02T23:24:18.609546 #14609] DEBUG -- : (0.001111s) SET DateStyle = 'ISO'
D, [2015-01-02T23:24:19.105726 #14609] DEBUG -- : (0.496072s) DROP TABLE IF EXISTS "join_left"
D, [2015-01-02T23:24:19.140513 #14609] DEBUG -- : (0.034427s) CREATE TABLE "join_left" ("id" serial PRIMARY KEY, "name" text, "created_at" timestamp)
D, [2015-01-02T23:24:19.143848 #14609] DEBUG -- : (0.003134s) DROP TABLE IF EXISTS "join_right"
D, [2015-01-02T23:24:19.178437 #14609] DEBUG -- : (0.034193s) CREATE TABLE "join_right" ("id" serial PRIMARY KEY, "name" text, "created_at" timestamp)
D, [2015-01-02T23:24:19.185402 #14609] DEBUG -- : (0.006619s) SELECT pg_attribute.attname AS pk FROM pg_class, pg_attribute, pg_index, pg_namespace WHERE pg_class.oid = pg_attribute.attrelid AND pg_class.relnamespace = pg_namespace.oid AND pg_class.oid = pg_index.indrelid AND pg_index.indkey[0] = pg_attribute.attnum AND pg_index.indisprimary = 't' AND pg_class.oid = CAST(CAST('"join_left"' AS regclass) AS oid)
D, [2015-01-02T23:24:19.189931 #14609] DEBUG -- : (0.004197s) INSERT INTO "join_left" ("name", "created_at") VALUES ('aaa', '12/24/2014') RETURNING "id"
D, [2015-01-02T23:24:19.193705 #14609] DEBUG -- : (0.003438s) INSERT INTO "join_left" ("name", "created_at") VALUES ('bbb', '12/25/2014') RETURNING "id"
D, [2015-01-02T23:24:19.197618 #14609] DEBUG -- : (0.003462s) INSERT INTO "join_left" ("name", "created_at") VALUES ('ccc', '12/26/2014') RETURNING "id"
D, [2015-01-02T23:24:19.198601 #14609] DEBUG -- : (0.000733s) SELECT pg_attribute.attname AS pk FROM pg_class, pg_attribute, pg_index, pg_namespace WHERE pg_class.oid = pg_attribute.attrelid AND pg_class.relnamespace = pg_namespace.oid AND pg_class.oid = pg_index.indrelid AND pg_index.indkey[0] = pg_attribute.attnum AND pg_index.indisprimary = 't' AND pg_class.oid = CAST(CAST('"join_right"' AS regclass) AS oid)
D, [2015-01-02T23:24:19.203626 #14609] DEBUG -- : (0.004814s) INSERT INTO "join_right" ("name", "created_at") VALUES ('ddd', '12/24/2014') RETURNING "id"
D, [2015-01-02T23:24:19.213160 #14609] DEBUG -- : (0.009264s) INSERT INTO "join_right" ("name", "created_at") VALUES ('eee', '12/27/2014') RETURNING "id"
D, [2015-01-02T23:24:19.213819 #14609] DEBUG -- : (0.000483s) SELECT r.created_at, r.name FROM join_left l LEFT JOIN join_right r ON (l.created_at = r.created_at)
